<?xml version="1.0" encoding="UTF-8"?>
<testng-results ignored="0" total="1" passed="1" failed="0" skipped="0">
  <reporter-output>
  </reporter-output>
  <suite started-at="2024-10-25T11:40:58 IST" name="Default suite" finished-at="2024-10-25T11:41:43 IST" duration-ms="44045">
    <groups>
    </groups>
    <test started-at="2024-10-25T11:40:58 IST" name="Default test" finished-at="2024-10-25T11:41:43 IST" duration-ms="44045">
      <class name="pomImplementation.CreateOrgPomImplement">
        <test-method is-config="true" signature="configBS()[pri:0, instance:pomImplementation.CreateOrgPomImplement@6150c3ec]" started-at="2024-10-25T11:40:58 IST" name="configBS" finished-at="2024-10-25T11:40:58 IST" duration-ms="279" status="PASS">
          <reporter-output>
          </reporter-output>
        </test-method> <!-- configBS -->
        <test-method is-config="true" signature="conficBC()[pri:0, instance:pomImplementation.CreateOrgPomImplement@6150c3ec]" started-at="2024-10-25T11:40:59 IST" name="conficBC" finished-at="2024-10-25T11:41:05 IST" duration-ms="6166" status="PASS">
          <reporter-output>
          </reporter-output>
        </test-method> <!-- conficBC -->
        <test-method is-config="true" signature="configBM()[pri:0, instance:pomImplementation.CreateOrgPomImplement@6150c3ec]" started-at="2024-10-25T11:41:05 IST" name="configBM" finished-at="2024-10-25T11:41:18 IST" duration-ms="13459" status="PASS">
          <reporter-output>
          </reporter-output>
        </test-method> <!-- configBM -->
        <test-method signature="createorgTest()[pri:0, instance:pomImplementation.CreateOrgPomImplement@6150c3ec]" started-at="2024-10-25T11:41:18 IST" name="createorgTest" finished-at="2024-10-25T11:41:40 IST" duration-ms="21364" status="PASS">
          <reporter-output>
          </reporter-output>
        </test-method> <!-- createorgTest -->
        <test-method is-config="true" signature="configAM()[pri:0, instance:pomImplementation.CreateOrgPomImplement@6150c3ec]" started-at="2024-10-25T11:41:40 IST" name="configAM" finished-at="2024-10-25T11:41:41 IST" duration-ms="1656" status="PASS">
          <reporter-output>
          </reporter-output>
        </test-method> <!-- configAM -->
        <test-method is-config="true" signature="conficAC()[pri:0, instance:pomImplementation.CreateOrgPomImplement@6150c3ec]" started-at="2024-10-25T11:41:41 IST" name="conficAC" finished-at="2024-10-25T11:41:43 IST" duration-ms="1349" status="PASS">
          <reporter-output>
          </reporter-output>
        </test-method> <!-- conficAC -->
        <test-method is-config="true" signature="configAS()[pri:0, instance:pomImplementation.CreateOrgPomImplement@6150c3ec]" started-at="2024-10-25T11:41:43 IST" name="configAS" finished-at="2024-10-25T11:41:43 IST" duration-ms="16" status="PASS">
          <reporter-output>
          </reporter-output>
        </test-method> <!-- configAS -->
      </class> <!-- pomImplementation.CreateOrgPomImplement -->
    </test> <!-- Default test -->
  </suite> <!-- Default suite -->
</testng-results>
